[debug] [2026-04-07T14:05:13.554Z] ----------------------------------------------------------------------
[debug] [2026-04-07T14:05:13.557Z] Command:       C:\Program Files\nodejs\node.exe C:\Users\kisho\AppData\Roaming\npm\node_modules\firebase-tools\lib\bin\firebase.js init
[debug] [2026-04-07T14:05:13.558Z] CLI Version:   15.13.0
[debug] [2026-04-07T14:05:13.558Z] Platform:      win32
[debug] [2026-04-07T14:05:13.558Z] Node Version:  v24.14.1
[debug] [2026-04-07T14:05:13.558Z] Time:          Tue Apr 07 2026 19:35:13 GMT+0530 (India Standard Time)
[debug] [2026-04-07T14:05:13.558Z] ----------------------------------------------------------------------
[debug] 
[info] 
     ######## #### ########  ######## ########     ###     ######  ########
     ##        ##  ##     ## ##       ##     ##  ##   ##  ##       ##
     ######    ##  ########  ######   ########  #########  ######  ######
     ##        ##  ##    ##  ##       ##     ## ##     ##       ## ##
     ##       #### ##     ## ######## ########  ##     ##  ######  ########

You're about to initialize a Firebase project in this directory:

  C:\Users\kisho\byby

[info] 
=== Project Setup
[info] 
[info] First, let's associate this project directory with a Firebase project.
[info] You can create multiple project aliases by running firebase use --add, 
[info] 
[debug] [2026-04-07T14:06:14.266Z] > command requires scopes: ["email","openid","https://www.googleapis.com/auth/cloudplatformprojects.readonly","https://www.googleapis.com/auth/firebase","https://www.googleapis.com/auth/cloud-platform"]
[debug] [2026-04-07T14:06:14.267Z] > authorizing via signed-in user (kishorekumarmandava@gmail.com)
[debug] [2026-04-07T14:06:14.269Z] Checked if tokens are valid: true, expires at: 1775573838366
[debug] [2026-04-07T14:06:14.269Z] Checked if tokens are valid: true, expires at: 1775573838366
[debug] [2026-04-07T14:06:14.271Z] >>> [apiv2][query] GET https://firebase.googleapis.com/v1beta1/projects/byby-a0e16 [none]
[debug] [2026-04-07T14:06:15.208Z] <<< [apiv2][status] GET https://firebase.googleapis.com/v1beta1/projects/byby-a0e16 200
[debug] [2026-04-07T14:06:15.208Z] <<< [apiv2][body] GET https://firebase.googleapis.com/v1beta1/projects/byby-a0e16 {"projectId":"byby-a0e16","projectNumber":"236883889084","displayName":"byby","name":"projects/byby-a0e16","resources":{"hostingSite":"byby-a0e16"},"state":"ACTIVE","etag":"1_352b4715-a9fd-431b-b66b-9f17ecb3cc68"}
[info] i  Using project byby-a0e16 (byby) . 
[info] 
=== App Hosting Setup
[debug] [2026-04-07T14:06:15.228Z] Checked if tokens are valid: true, expires at: 1775573838366
[debug] [2026-04-07T14:06:15.229Z] Checked if tokens are valid: true, expires at: 1775573838366
[debug] [2026-04-07T14:06:15.229Z] >>> [apiv2][query] GET https://cloudbilling.googleapis.com/v1/projects/byby-a0e16/billingInfo [none]
[debug] [2026-04-07T14:06:16.839Z] <<< [apiv2][status] GET https://cloudbilling.googleapis.com/v1/projects/byby-a0e16/billingInfo 200
[debug] [2026-04-07T14:06:16.839Z] <<< [apiv2][body] GET https://cloudbilling.googleapis.com/v1/projects/byby-a0e16/billingInfo {"name":"projects/byby-a0e16/billingInfo","projectId":"byby-a0e16","billingAccountName":"billingAccounts/01F09F-76A173-12C2BC","billingEnabled":true}
[debug] [2026-04-07T14:06:16.841Z] Checked if tokens are valid: true, expires at: 1775573838366
[debug] [2026-04-07T14:06:16.841Z] Checked if tokens are valid: true, expires at: 1775573838366
[debug] [2026-04-07T14:06:16.841Z] >>> [apiv2][query] GET https://serviceusage.googleapis.com/v1/projects/byby-a0e16/services/firebaseapphosting.googleapis.com [none]
[debug] [2026-04-07T14:06:16.841Z] >>> [apiv2][(partial)header] GET https://serviceusage.googleapis.com/v1/projects/byby-a0e16/services/firebaseapphosting.googleapis.com  x-goog-user-project=byby-a0e16
[debug] [2026-04-07T14:06:18.554Z] <<< [apiv2][status] GET https://serviceusage.googleapis.com/v1/projects/byby-a0e16/services/firebaseapphosting.googleapis.com 200
[debug] [2026-04-07T14:06:18.555Z] <<< [apiv2][body] GET https://serviceusage.googleapis.com/v1/projects/byby-a0e16/services/firebaseapphosting.googleapis.com [omitted]
[debug] [2026-04-07T14:06:18.568Z] Checked if tokens are valid: true, expires at: 1775573838366
[debug] [2026-04-07T14:06:18.568Z] Checked if tokens are valid: true, expires at: 1775573838366
[debug] [2026-04-07T14:06:18.568Z] Checked if tokens are valid: true, expires at: 1775573838366
[debug] [2026-04-07T14:06:18.569Z] Checked if tokens are valid: true, expires at: 1775573838366
[debug] [2026-04-07T14:06:18.569Z] Checked if tokens are valid: true, expires at: 1775573838366
[debug] [2026-04-07T14:06:18.569Z] Checked if tokens are valid: true, expires at: 1775573838366
[debug] [2026-04-07T14:06:18.570Z] Checked if tokens are valid: true, expires at: 1775573838366
[debug] [2026-04-07T14:06:18.570Z] Checked if tokens are valid: true, expires at: 1775573838366
[debug] [2026-04-07T14:06:18.570Z] Checked if tokens are valid: true, expires at: 1775573838366
[debug] [2026-04-07T14:06:18.570Z] Checked if tokens are valid: true, expires at: 1775573838366
[debug] [2026-04-07T14:06:18.571Z] Checked if tokens are valid: true, expires at: 1775573838366
[debug] [2026-04-07T14:06:18.571Z] Checked if tokens are valid: true, expires at: 1775573838366
[debug] [2026-04-07T14:06:18.571Z] >>> [apiv2][query] GET https://serviceusage.googleapis.com/v1/projects/byby-a0e16/services/developerconnect.googleapis.com [none]
[debug] [2026-04-07T14:06:18.571Z] >>> [apiv2][(partial)header] GET https://serviceusage.googleapis.com/v1/projects/byby-a0e16/services/developerconnect.googleapis.com  x-goog-user-project=byby-a0e16
[debug] [2026-04-07T14:06:18.573Z] >>> [apiv2][query] GET https://serviceusage.googleapis.com/v1/projects/byby-a0e16/services/cloudbuild.googleapis.com [none]
[debug] [2026-04-07T14:06:18.573Z] >>> [apiv2][(partial)header] GET https://serviceusage.googleapis.com/v1/projects/byby-a0e16/services/cloudbuild.googleapis.com  x-goog-user-project=byby-a0e16
[debug] [2026-04-07T14:06:18.576Z] >>> [apiv2][query] GET https://serviceusage.googleapis.com/v1/projects/byby-a0e16/services/secretmanager.googleapis.com [none]
[debug] [2026-04-07T14:06:18.576Z] >>> [apiv2][(partial)header] GET https://serviceusage.googleapis.com/v1/projects/byby-a0e16/services/secretmanager.googleapis.com  x-goog-user-project=byby-a0e16
[debug] [2026-04-07T14:06:18.577Z] >>> [apiv2][query] GET https://serviceusage.googleapis.com/v1/projects/byby-a0e16/services/run.googleapis.com [none]
[debug] [2026-04-07T14:06:18.577Z] >>> [apiv2][(partial)header] GET https://serviceusage.googleapis.com/v1/projects/byby-a0e16/services/run.googleapis.com  x-goog-user-project=byby-a0e16
[debug] [2026-04-07T14:06:18.579Z] >>> [apiv2][query] GET https://serviceusage.googleapis.com/v1/projects/byby-a0e16/services/artifactregistry.googleapis.com [none]
[debug] [2026-04-07T14:06:18.580Z] >>> [apiv2][(partial)header] GET https://serviceusage.googleapis.com/v1/projects/byby-a0e16/services/artifactregistry.googleapis.com  x-goog-user-project=byby-a0e16
[debug] [2026-04-07T14:06:18.581Z] >>> [apiv2][query] GET https://serviceusage.googleapis.com/v1/projects/byby-a0e16/services/iam.googleapis.com [none]
[debug] [2026-04-07T14:06:18.581Z] >>> [apiv2][(partial)header] GET https://serviceusage.googleapis.com/v1/projects/byby-a0e16/services/iam.googleapis.com  x-goog-user-project=byby-a0e16
[debug] [2026-04-07T14:06:18.957Z] <<< [apiv2][status] GET https://serviceusage.googleapis.com/v1/projects/byby-a0e16/services/developerconnect.googleapis.com 200
[debug] [2026-04-07T14:06:18.958Z] <<< [apiv2][body] GET https://serviceusage.googleapis.com/v1/projects/byby-a0e16/services/developerconnect.googleapis.com [omitted]
[debug] [2026-04-07T14:06:20.442Z] <<< [apiv2][status] GET https://serviceusage.googleapis.com/v1/projects/byby-a0e16/services/secretmanager.googleapis.com 200
[debug] [2026-04-07T14:06:20.442Z] <<< [apiv2][body] GET https://serviceusage.googleapis.com/v1/projects/byby-a0e16/services/secretmanager.googleapis.com [omitted]
[debug] [2026-04-07T14:06:20.461Z] <<< [apiv2][status] GET https://serviceusage.googleapis.com/v1/projects/byby-a0e16/services/run.googleapis.com 200
[debug] [2026-04-07T14:06:20.461Z] <<< [apiv2][body] GET https://serviceusage.googleapis.com/v1/projects/byby-a0e16/services/run.googleapis.com [omitted]
[debug] [2026-04-07T14:06:20.472Z] <<< [apiv2][status] GET https://serviceusage.googleapis.com/v1/projects/byby-a0e16/services/iam.googleapis.com 200
[debug] [2026-04-07T14:06:20.473Z] <<< [apiv2][body] GET https://serviceusage.googleapis.com/v1/projects/byby-a0e16/services/iam.googleapis.com [omitted]
[debug] [2026-04-07T14:06:20.483Z] <<< [apiv2][status] GET https://serviceusage.googleapis.com/v1/projects/byby-a0e16/services/cloudbuild.googleapis.com 200
[debug] [2026-04-07T14:06:20.483Z] <<< [apiv2][body] GET https://serviceusage.googleapis.com/v1/projects/byby-a0e16/services/cloudbuild.googleapis.com [omitted]
[debug] [2026-04-07T14:06:20.495Z] <<< [apiv2][status] GET https://serviceusage.googleapis.com/v1/projects/byby-a0e16/services/artifactregistry.googleapis.com 200
[debug] [2026-04-07T14:06:20.495Z] <<< [apiv2][body] GET https://serviceusage.googleapis.com/v1/projects/byby-a0e16/services/artifactregistry.googleapis.com [omitted]
[debug] [2026-04-07T14:06:20.502Z] Checked if tokens are valid: true, expires at: 1775573838366
[debug] [2026-04-07T14:06:20.502Z] Checked if tokens are valid: true, expires at: 1775573838366
[debug] [2026-04-07T14:06:20.503Z] >>> [apiv2][query] POST https://iam.googleapis.com/v1/projects/byby-a0e16/serviceAccounts/firebase-app-hosting-compute@byby-a0e16.iam.gserviceaccount.com:testIamPermissions [none]
[debug] [2026-04-07T14:06:20.503Z] >>> [apiv2][(partial)header] POST https://iam.googleapis.com/v1/projects/byby-a0e16/serviceAccounts/firebase-app-hosting-compute@byby-a0e16.iam.gserviceaccount.com:testIamPermissions  x-goog-user-project=byby-a0e16
[debug] [2026-04-07T14:06:20.503Z] >>> [apiv2][body] POST https://iam.googleapis.com/v1/projects/byby-a0e16/serviceAccounts/firebase-app-hosting-compute@byby-a0e16.iam.gserviceaccount.com:testIamPermissions {"permissions":["iam.serviceAccounts.actAs"]}
[debug] [2026-04-07T14:06:22.091Z] <<< [apiv2][status] POST https://iam.googleapis.com/v1/projects/byby-a0e16/serviceAccounts/firebase-app-hosting-compute@byby-a0e16.iam.gserviceaccount.com:testIamPermissions 200
[debug] [2026-04-07T14:06:22.092Z] <<< [apiv2][body] POST https://iam.googleapis.com/v1/projects/byby-a0e16/serviceAccounts/firebase-app-hosting-compute@byby-a0e16.iam.gserviceaccount.com:testIamPermissions {"permissions":["iam.serviceAccounts.actAs"]}
[debug] [2026-04-07T14:06:22.092Z] Checked if tokens are valid: true, expires at: 1775573838366
[debug] [2026-04-07T14:06:22.092Z] Checked if tokens are valid: true, expires at: 1775573838366
[debug] [2026-04-07T14:06:22.092Z] >>> [apiv2][query] POST https://iam.googleapis.com/v1/projects/byby-a0e16/serviceAccounts [none]
[debug] [2026-04-07T14:06:22.092Z] >>> [apiv2][body] POST https://iam.googleapis.com/v1/projects/byby-a0e16/serviceAccounts {"accountId":"firebase-app-hosting-compute","serviceAccount":{"displayName":"Firebase App Hosting compute service account","description":"Default service account used to run builds and deploys for Firebase App Hosting"}}
[debug] [2026-04-07T14:06:23.800Z] <<< [apiv2][status] POST https://iam.googleapis.com/v1/projects/byby-a0e16/serviceAccounts 409
[debug] [2026-04-07T14:06:23.801Z] <<< [apiv2][body] POST https://iam.googleapis.com/v1/projects/byby-a0e16/serviceAccounts [omitted]
[debug] [2026-04-07T14:06:23.802Z] Checked if tokens are valid: true, expires at: 1775573838366
[debug] [2026-04-07T14:06:23.802Z] Checked if tokens are valid: true, expires at: 1775573838366
[debug] [2026-04-07T14:06:23.802Z] >>> [apiv2][query] POST https://cloudresourcemanager.googleapis.com/v1/projects/byby-a0e16:getIamPolicy [none]
[debug] [2026-04-07T14:06:25.336Z] <<< [apiv2][status] POST https://cloudresourcemanager.googleapis.com/v1/projects/byby-a0e16:getIamPolicy 200
[debug] [2026-04-07T14:06:25.336Z] <<< [apiv2][body] POST https://cloudresourcemanager.googleapis.com/v1/projects/byby-a0e16:getIamPolicy {"version":1,"etag":"BwZOnv7Wfq0=","bindings":[{"role":"roles/cloudbuild.builds.builder","members":["serviceAccount:236883889084@cloudbuild.gserviceaccount.com"]},{"role":"roles/cloudbuild.serviceAgent","members":["serviceAccount:service-236883889084@gcp-sa-cloudbuild.iam.gserviceaccount.com"]},{"role":"roles/containerregistry.ServiceAgent","members":["serviceAccount:service-236883889084@containerregistry.iam.gserviceaccount.com"]},{"role":"roles/developerconnect.readTokenAccessor","members":["serviceAccount:firebase-app-hosting-compute@byby-a0e16.iam.gserviceaccount.com"]},{"role":"roles/developerconnect.serviceAgent","members":["serviceAccount:service-236883889084@gcp-sa-devconnect.iam.gserviceaccount.com"]},{"role":"roles/editor","members":["serviceAccount:236883889084-compute@developer.gserviceaccount.com"]},{"role":"roles/firebase.managementServiceAgent","members":["serviceAccount:service-236883889084@gcp-sa-firebase.iam.gserviceaccount.com"]},{"role":"roles/firebase.sdkAdminServiceAgent","members":["serviceAccount:firebase-adminsdk-fbsvc@byby-a0e16.iam.gserviceaccount.com","serviceAccount:firebase-app-hosting-compute@byby-a0e16.iam.gserviceaccount.com"]},{"role":"roles/firebaseapphosting.computeRunner","members":["serviceAccount:firebase-app-hosting-compute@byby-a0e16.iam.gserviceaccount.com"]},{"role":"roles/firebaseapphosting.serviceAgent","members":["serviceAccount:service-236883889084@gcp-sa-firebaseapphosting.iam.gserviceaccount.com"]},{"role":"roles/firebaseauth.admin","members":["serviceAccount:firebase-adminsdk-fbsvc@byby-a0e16.iam.gserviceaccount.com"]},{"role":"roles/iam.serviceAccountTokenCreator","members":["serviceAccount:firebase-adminsdk-fbsvc@byby-a0e16.iam.gserviceaccount.com"]},{"role":"roles/owner","members":["user:kishorekumarmandava@gmail.com"]},{"role":"roles/run.serviceAgent","members":["serviceAccount:service-236883889084@serverless-robot-prod.iam.gserviceaccount.com"]},{"role":"roles/secretmanager.admin_withcond_57c545ba0d2827ae5fb2","members":["serviceAccount:service-236883889084@gcp-sa-devconnect.iam.gserviceaccount.com"]}]}
[debug] [2026-04-07T14:06:25.337Z] Checked if tokens are valid: true, expires at: 1775573838366
[debug] [2026-04-07T14:06:25.338Z] Checked if tokens are valid: true, expires at: 1775573838366
[debug] [2026-04-07T14:06:25.338Z] >>> [apiv2][query] POST https://cloudresourcemanager.googleapis.com/v1/projects/byby-a0e16:setIamPolicy [none]
[debug] [2026-04-07T14:06:25.338Z] >>> [apiv2][body] POST https://cloudresourcemanager.googleapis.com/v1/projects/byby-a0e16:setIamPolicy {"policy":{"version":1,"etag":"BwZOnv7Wfq0=","bindings":[{"role":"roles/cloudbuild.builds.builder","members":["serviceAccount:236883889084@cloudbuild.gserviceaccount.com"]},{"role":"roles/cloudbuild.serviceAgent","members":["serviceAccount:service-236883889084@gcp-sa-cloudbuild.iam.gserviceaccount.com"]},{"role":"roles/containerregistry.ServiceAgent","members":["serviceAccount:service-236883889084@containerregistry.iam.gserviceaccount.com"]},{"role":"roles/developerconnect.readTokenAccessor","members":["serviceAccount:firebase-app-hosting-compute@byby-a0e16.iam.gserviceaccount.com"]},{"role":"roles/developerconnect.serviceAgent","members":["serviceAccount:service-236883889084@gcp-sa-devconnect.iam.gserviceaccount.com"]},{"role":"roles/editor","members":["serviceAccount:236883889084-compute@developer.gserviceaccount.com"]},{"role":"roles/firebase.managementServiceAgent","members":["serviceAccount:service-236883889084@gcp-sa-firebase.iam.gserviceaccount.com"]},{"role":"roles/firebase.sdkAdminServiceAgent","members":["serviceAccount:firebase-adminsdk-fbsvc@byby-a0e16.iam.gserviceaccount.com","serviceAccount:firebase-app-hosting-compute@byby-a0e16.iam.gserviceaccount.com"]},{"role":"roles/firebaseapphosting.computeRunner","members":["serviceAccount:firebase-app-hosting-compute@byby-a0e16.iam.gserviceaccount.com"]},{"role":"roles/firebaseapphosting.serviceAgent","members":["serviceAccount:service-236883889084@gcp-sa-firebaseapphosting.iam.gserviceaccount.com"]},{"role":"roles/firebaseauth.admin","members":["serviceAccount:firebase-adminsdk-fbsvc@byby-a0e16.iam.gserviceaccount.com"]},{"role":"roles/iam.serviceAccountTokenCreator","members":["serviceAccount:firebase-adminsdk-fbsvc@byby-a0e16.iam.gserviceaccount.com"]},{"role":"roles/owner","members":["user:kishorekumarmandava@gmail.com"]},{"role":"roles/run.serviceAgent","members":["serviceAccount:service-236883889084@serverless-robot-prod.iam.gserviceaccount.com"]},{"role":"roles/secretmanager.admin_withcond_57c545ba0d2827ae5fb2","members":["serviceAccount:service-236883889084@gcp-sa-devconnect.iam.gserviceaccount.com"]},{"role":"roles/storage.objectViewer","members":["serviceAccount:firebase-app-hosting-compute@byby-a0e16.iam.gserviceaccount.com"]}]},"updateMask":"bindings"}
[debug] [2026-04-07T14:06:26.360Z] <<< [apiv2][status] POST https://cloudresourcemanager.googleapis.com/v1/projects/byby-a0e16:setIamPolicy 200
[debug] [2026-04-07T14:06:26.360Z] <<< [apiv2][body] POST https://cloudresourcemanager.googleapis.com/v1/projects/byby-a0e16:setIamPolicy {"version":1,"etag":"BwZO30nwpGs=","bindings":[{"role":"roles/cloudbuild.builds.builder","members":["serviceAccount:236883889084@cloudbuild.gserviceaccount.com"]},{"role":"roles/cloudbuild.serviceAgent","members":["serviceAccount:service-236883889084@gcp-sa-cloudbuild.iam.gserviceaccount.com"]},{"role":"roles/containerregistry.ServiceAgent","members":["serviceAccount:service-236883889084@containerregistry.iam.gserviceaccount.com"]},{"role":"roles/developerconnect.readTokenAccessor","members":["serviceAccount:firebase-app-hosting-compute@byby-a0e16.iam.gserviceaccount.com"]},{"role":"roles/developerconnect.serviceAgent","members":["serviceAccount:service-236883889084@gcp-sa-devconnect.iam.gserviceaccount.com"]},{"role":"roles/editor","members":["serviceAccount:236883889084-compute@developer.gserviceaccount.com"]},{"role":"roles/firebase.managementServiceAgent","members":["serviceAccount:service-236883889084@gcp-sa-firebase.iam.gserviceaccount.com"]},{"role":"roles/firebase.sdkAdminServiceAgent","members":["serviceAccount:firebase-adminsdk-fbsvc@byby-a0e16.iam.gserviceaccount.com","serviceAccount:firebase-app-hosting-compute@byby-a0e16.iam.gserviceaccount.com"]},{"role":"roles/firebaseapphosting.computeRunner","members":["serviceAccount:firebase-app-hosting-compute@byby-a0e16.iam.gserviceaccount.com"]},{"role":"roles/firebaseapphosting.serviceAgent","members":["serviceAccount:service-236883889084@gcp-sa-firebaseapphosting.iam.gserviceaccount.com"]},{"role":"roles/firebaseauth.admin","members":["serviceAccount:firebase-adminsdk-fbsvc@byby-a0e16.iam.gserviceaccount.com"]},{"role":"roles/iam.serviceAccountTokenCreator","members":["serviceAccount:firebase-adminsdk-fbsvc@byby-a0e16.iam.gserviceaccount.com"]},{"role":"roles/owner","members":["user:kishorekumarmandava@gmail.com"]},{"role":"roles/run.serviceAgent","members":["serviceAccount:service-236883889084@serverless-robot-prod.iam.gserviceaccount.com"]},{"role":"roles/secretmanager.admin_withcond_57c545ba0d2827ae5fb2","members":["serviceAccount:service-236883889084@gcp-sa-devconnect.iam.gserviceaccount.com"]},{"role":"roles/storage.objectViewer","members":["serviceAccount:firebase-app-hosting-compute@byby-a0e16.iam.gserviceaccount.com"]}]}
[info] i  This command links your local project to Firebase App Hosting. You will be able to deploy your web app with `firebase deploy` after setup. 
[info] i  === Set up your backend 
[debug] [2026-04-07T14:06:39.503Z] Checked if tokens are valid: true, expires at: 1775573838366
[debug] [2026-04-07T14:06:39.503Z] Checked if tokens are valid: true, expires at: 1775573838366
[debug] [2026-04-07T14:06:39.503Z] >>> [apiv2][query] GET https://firebaseapphosting.googleapis.com/v1beta/projects/byby-a0e16/locations 
[debug] [2026-04-07T14:06:41.108Z] <<< [apiv2][status] GET https://firebaseapphosting.googleapis.com/v1beta/projects/byby-a0e16/locations 200
[debug] [2026-04-07T14:06:41.109Z] <<< [apiv2][body] GET https://firebaseapphosting.googleapis.com/v1beta/projects/byby-a0e16/locations {"locations":[{"name":"projects/byby-a0e16/locations/asia-east1","locationId":"asia-east1","displayName":"Taiwan"},{"name":"projects/byby-a0e16/locations/asia-southeast1","locationId":"asia-southeast1","displayName":"Singapore"},{"name":"projects/byby-a0e16/locations/europe-west4","locationId":"europe-west4","displayName":"Netherlands"},{"name":"projects/byby-a0e16/locations/us-central1","locationId":"us-central1","displayName":"Iowa"},{"name":"projects/byby-a0e16/locations/us-east4","locationId":"us-east4","displayName":"Northern Virginia"},{"name":"projects/byby-a0e16/locations/us-east5","locationId":"us-east5","displayName":"Columbus"}]}
